<?xml version="1.0" encoding="UTF-8"?>
<robot generator="Robot 3.2.1 (Python 3.8.3 on win32)" generated="20200829 14:24:15.221" rpa="false">
<suite id="s1" name="TC2" source="C:\Users\Rafał\Desktop\Python\robot\TC2.robot">
<test id="s1-t1" name="test 1">
<kw name="Log" library="BuiltIn">
<doc>Logs the given message with the given level.</doc>
<arguments>
<arg>this is test one</arg>
</arguments>
<msg timestamp="20200829 14:24:15.439" level="INFO">this is test one</msg>
<status status="PASS" starttime="20200829 14:24:15.439" endtime="20200829 14:24:15.439"></status>
</kw>
<status status="PASS" starttime="20200829 14:24:15.438" endtime="20200829 14:24:15.439" critical="yes"></status>
</test>
<test id="s1-t2" name="InputTestBox">
<kw name="Open Browser" library="SeleniumLibrary">
<doc>Opens a new browser instance to the optional ``url``.</doc>
<arguments>
<arg>${url}</arg>
<arg>${browser}</arg>
</arguments>
<msg timestamp="20200829 14:24:15.448" level="INFO">Opening browser 'chrome' to base url 'https://www.facebook.com/'.</msg>
<status status="PASS" starttime="20200829 14:24:15.447" endtime="20200829 14:24:19.935"></status>
</kw>
<kw name="Maximize Browser Window" library="SeleniumLibrary">
<doc>Maximizes current browser window.</doc>
<status status="PASS" starttime="20200829 14:24:19.936" endtime="20200829 14:24:22.100"></status>
</kw>
<kw name="Title Should Be" library="SeleniumLibrary">
<doc>Verifies that the current page title equals ``title``.</doc>
<arguments>
<arg>Facebook – zaloguj się lub zarejestruj</arg>
</arguments>
<msg timestamp="20200829 14:24:22.106" level="INFO">Page title is 'Facebook – zaloguj się lub zarejestruj'.</msg>
<status status="PASS" starttime="20200829 14:24:22.101" endtime="20200829 14:24:22.106"></status>
</kw>
<kw name="CreateNewAcc">
<kw name="Input Text" library="SeleniumLibrary">
<doc>Types the given ``text`` into the text field identified by ``locator``.</doc>
<arguments>
<arg>id:email</arg>
<arg>bleble@gmail.com</arg>
</arguments>
<msg timestamp="20200829 14:24:22.107" level="INFO">Typing text 'bleble@gmail.com' into text field 'id:email'.</msg>
<status status="PASS" starttime="20200829 14:24:22.107" endtime="20200829 14:24:22.187"></status>
</kw>
<kw name="Set Variable" library="BuiltIn">
<doc>Returns the given values which can then be assigned to a variables.</doc>
<arguments>
<arg>id:pass</arg>
</arguments>
<assign>
<var>${"nameacc"}</var>
</assign>
<msg timestamp="20200829 14:24:22.187" level="INFO">${"nameacc"} = id:pass</msg>
<status status="PASS" starttime="20200829 14:24:22.187" endtime="20200829 14:24:22.187"></status>
</kw>
<kw name="Input Text" library="SeleniumLibrary">
<doc>Types the given ``text`` into the text field identified by ``locator``.</doc>
<arguments>
<arg>${"nameacc"}</arg>
<arg>Rafal</arg>
</arguments>
<msg timestamp="20200829 14:24:22.187" level="INFO">Typing text 'Rafal' into text field 'id:pass'.</msg>
<status status="PASS" starttime="20200829 14:24:22.187" endtime="20200829 14:24:22.269"></status>
</kw>
<kw name="Sleep" library="BuiltIn">
<doc>Pauses the test executed for the given time.</doc>
<arguments>
<arg>5</arg>
</arguments>
<msg timestamp="20200829 14:24:27.285" level="INFO">Slept 5 seconds</msg>
<status status="PASS" starttime="20200829 14:24:22.269" endtime="20200829 14:24:27.285"></status>
</kw>
<kw name="Clear Element Text" library="SeleniumLibrary">
<doc>Clears the value of the text-input-element identified by ``locator``.</doc>
<arguments>
<arg>${"nameacc"}</arg>
</arguments>
<status status="PASS" starttime="20200829 14:24:27.285" endtime="20200829 14:24:27.320"></status>
</kw>
<kw name="Sleep" library="BuiltIn">
<doc>Pauses the test executed for the given time.</doc>
<arguments>
<arg>3</arg>
</arguments>
<msg timestamp="20200829 14:24:30.333" level="INFO">Slept 3 seconds</msg>
<status status="PASS" starttime="20200829 14:24:27.320" endtime="20200829 14:24:30.333"></status>
</kw>
<kw name="Close Browser" library="SeleniumLibrary">
<doc>Closes the current browser.</doc>
<status status="PASS" starttime="20200829 14:24:30.333" endtime="20200829 14:24:32.491"></status>
</kw>
<status status="PASS" starttime="20200829 14:24:22.106" endtime="20200829 14:24:32.491"></status>
</kw>
<status status="PASS" starttime="20200829 14:24:15.446" endtime="20200829 14:24:32.492" critical="yes"></status>
</test>
<status status="PASS" starttime="20200829 14:24:15.223" endtime="20200829 14:24:32.494"></status>
</suite>
<statistics>
<total>
<stat pass="2" fail="0">Critical Tests</stat>
<stat pass="2" fail="0">All Tests</stat>
</total>
<tag>
</tag>
<suite>
<stat pass="2" fail="0" id="s1" name="TC2">TC2</stat>
</suite>
</statistics>
<errors>
</errors>
</robot>
